<?xml version="1.0"?>
<!-- Test manage product application -->
<application
	xmlns="http://flowcentraltech.com/schema-common"
	xmlns:xsi="http://www.w3.org/2001/XMLSchema-instance"
	xsi:schemaLocation="http://flowcentraltech.com/schema-common https://schema.flowcentralplatform.com/xsd/flowcentral-application-4.0.0.xsd"
	name="manageProduct" description="Manage Product"
	label="Manage Product" module="test-application">
	<applets>
		<applet name="manageProduct" description="Manage Product"
			label="Manage Product" type="MANAGE_ENTITYLIST" entity="product">
			<properties>
				<property name="searchTable" value="productTable" />
			</properties>
			<filters>
				<filter name="expensiveShirt" description="Expensive Shirts">
					<restriction type="AND">
						<restriction type="EQUALS" field="category" paramA="SHT" />
						<restriction type="OR">
							<restriction type="GREATER_THAN" field="costPrice"
								paramA="30.00" />
							<restriction type="GREATER_THAN" field="salesPrice"
								paramA="50.00" />
						</restriction>
					</restriction>
				</filter>
			</filters>
		</applet>
	</applets>
	<widgetTypes>
		<widgetType name="name" description="Short Name" dataType="STRING"
			inputType="STRING" editor="!ui-name" renderer="!ui-label" />
		<widgetType name="text" description="Text" dataType="STRING"
			inputType="STRING" editor="!ui-text" renderer="!ui-label" />
		<widgetType name="datetime" description="Date Time"
			dataType="TIMESTAMP_UTC" inputType="DATETIME" editor="!ui-date"
			renderer="!ui-label formatter:$d{!dateformat" />
		<widgetType name="amount" description="Amount" dataType="DOUBLE"
			inputType="DOUBLE" editor="!ui-decimal precision:14 scale:2"
			renderer="!ui-label formatter:$d{!decimalformat precision:14 scale:2} style:$s{text-align:right;}" />
		<widgetType name="prodcatlist" description="Product Category List"
			dataType="STRING" inputType="STRING"
			editor="!ui-select list:$s{productcategorylist} blankOption:$m{blank.none}"
			renderer="!ui-label" />
		<widgetType name="textarea" description="Text Area"
			dataType="STRING" inputType="STRING" editor="!ui-textarea"
			renderer="!ui-label" />
	</widgetTypes>
	<entities>
		<entity name="product" description="Product" label="Product"
			type="com.flowcentraltech.flowcentral.application.entities.Product">
			<fields>
				<field name="category" label="Category" type="ENUM_REF"
					inputWidget="prodcatlist" references="productcategorylist"/>
				<field name="branchId" label="Branch" type="LONG" inputWidget="entitylist" branchScoping="true" />
				<field name="name" label="Name" type="STRING" inputWidget="name" />
				<field name="description" label="Description" type="STRING"
					inputWidget="text" />
				<field name="costPrice" label="Cost Price" type="DOUBLE"
					inputWidget="amount" />
				<field name="salesPrice" label="Sales Price" type="DOUBLE"
					inputWidget="amount" />
				<field name="notes" label="Notes" type="STRING" inputWidget="textarea" />
				<field name="categoryDesc" label="Category" type="STRING"
					inputWidget="text" />
			</fields>
		</entity>
		<entity name="locationProduct" description="Location Product" label="Location Product"
			type="com.flowcentraltech.flowcentral.application.entities.LocationProduct">
			<fields>
				<field name="category" label="Category" type="ENUM_REF"
					inputWidget="prodcatlist" references="productcategorylist"/>
				<field name="branchId" label="Branch" type="LONG" inputWidget="entitylist" branchScoping="true" />
				<field name="locationId" label="Location" type="LONG" inputWidget="entitylist" branchScoping="true" />
				<field name="name" label="Name" type="STRING" inputWidget="name" />
				<field name="description" label="Description" type="STRING"
					inputWidget="text" />
				<field name="costPrice" label="Cost Price" type="DOUBLE"
					inputWidget="amount" />
				<field name="salesPrice" label="Sales Price" type="DOUBLE"
					inputWidget="amount" />
				<field name="notes" label="Notes" type="STRING" inputWidget="textarea" />
				<field name="categoryDesc" label="Category" type="STRING"
					inputWidget="text" />
			</fields>
		</entity>
	</entities>
	<tables>
		<table name="productTable" description="Product" label="Product"
			entity="product" itemsPerPage="20"  serialNo="true">
			<columns>
				<column field="name" renderWidget="name" widthRatio="1" />
				<column field="description" renderWidget="text" widthRatio="3" />
				<column field="costPrice" renderWidget="amount" widthRatio="1" />
				<column field="salesPrice" renderWidget="amount" widthRatio="1" />
				<column field="categoryDesc" renderWidget="text" widthRatio="1" />
			</columns>
		</table>
	</tables>
	<forms>
		<form name="productForm" description="Product" entity="product">
			<tabs>
				<tab name="basicDetails" label="Basic Details" contentType="MINIFORM">
					<section name="details1" columns="TYPE_2">
						<field name="name" inputWidget="name" column="0" />
						<field name="category" inputWidget="prodcatlist" column="0" />
						<field name="costPrice" inputWidget="amount" column="1" />
						<field name="salesPrice" inputWidget="amount" column="1" />
					</section>
					<section name="details2" columns="TYPE_1">
						<field name="description" inputWidget="text" column="0" />
						<field name="notes" inputWidget="textarea" column="0" />
					</section>
				</tab>
			</tabs>
		</form>
	</forms>
</application>