<?xml version="1.0"?>
<!-- Test manage product application -->
<application name="manageProduct" description="Manage Product"
	label="Manage Product" module="test-application" version="1.0.1">
	<applets>
		<applet name="manageProduct" description="Manage Product"
			label="Manage Product" type="manage_entitylist" entity="product">
			<property name="searchTable" value="productTable" />
			<filter name="expensiveShirt" description="Expensive Shirts">
				<restriction type="and">
					<restriction type="equals" field="category" paramA="SHT" />
					<restriction type="or">
						<restriction type="greater_than" field="costPrice"
							paramA="30.00" />
						<restriction type="greater_than" field="salesPrice"
							paramA="50.00" />
					</restriction>
				</restriction>
			</filter>
		</applet>
	</applets>
	<widgetTypes>
		<widgetType name="name" description="Short Name" dataType="string"
			inputType="string" editor="!ui-name" renderer="!ui-label" />
		<widgetType name="text" description="Text" dataType="string"
			inputType="string" editor="!ui-text" renderer="!ui-label" />
		<widgetType name="datetime" description="Date Time"
			dataType="timestamp_utc" inputType="datetime" editor="!ui-date"
			renderer="!ui-label formatter:$d{!dateformat" />
		<widgetType name="amount" description="Amount" dataType="double"
			inputType="double" editor="!ui-decimal precision:14 scale:2"
			renderer="!ui-label formatter:$d{!decimalformat precision:14 scale:2} style:$s{text-align:right;}" />
		<widgetType name="prodcatlist" description="Product Category List"
			dataType="string" inputType="string"
			editor="!ui-select list:$s{productcategorylist} blankOption:$m{blank.none}"
			renderer="!ui-label" />
		<widgetType name="textarea" description="Text Area"
			dataType="string" inputType="string" editor="!ui-textarea"
			renderer="!ui-label" />
	</widgetTypes>
	<entities>
		<entity name="product" description="Product" label="Product"
			type="com.flowcentraltech.flowcentral.application.entities.Product">
			<field name="category" label="Category" type="enum_ref"
				inputWidget="prodcatlist" references="productcategorylist"/>
			<field name="name" label="Name" type="string" inputWidget="name" />
			<field name="description" label="Description" type="string"
				inputWidget="text" />
			<field name="costPrice" label="Cost Price" type="double"
				inputWidget="amount" />
			<field name="salesPrice" label="Sales Price" type="double"
				inputWidget="amount" />
			<field name="notes" label="Notes" type="string" inputWidget="textarea" />
			<field name="categoryDesc" label="Category" type="string"
				inputWidget="text" />
		</entity>
	</entities>
	<tables>
		<table name="productTable" description="Product" label="Product"
			entity="product" itemsPerPage="20"  serialNo="true">
			<column field="name" renderWidget="name" widthRatio="1" />
			<column field="description" renderWidget="text" widthRatio="3" />
			<column field="costPrice" renderWidget="amount" widthRatio="1" />
			<column field="salesPrice" renderWidget="amount" widthRatio="1" />
			<column field="categoryDesc" renderWidget="text" widthRatio="1" />
		</table>
	</tables>
	<forms>
		<form name="productForm" description="Product" entity="product">
			<tab name="basicDetails" label="Basic Details" contentType="miniform">
				<section name="details1" columns="type_2">
					<field name="name" inputWidget="name" column="0" />
					<field name="category" inputWidget="prodcatlist" column="0" />
					<field name="costPrice" inputWidget="amount" column="1" />
					<field name="salesPrice" inputWidget="amount" column="1" />
				</section>
				<section name="details2" columns="type_1">
					<field name="description" inputWidget="text" column="0" />
					<field name="notes" inputWidget="textarea" column="0" />
				</section>
			</tab>
		</form>
	</forms>
</application>