<?xml version="1.0"?>
<!-- Test application module configuration -->
<module
	xmlns="http://flowcentraltech.com/schema-common"
	xmlns:xsi="http://www.w3.org/2001/XMLSchema-instance"
	xsi:schemaLocation="http://flowcentraltech.com/schema-common https://schema.flowcentralplatform.com/xsd/flowcentral-module-4.0.0.xsd"
	name="test-application" description="$m{test.application.module}" shortCode="TSA" label="Test Application">
	<!-- Applications -->
	<applications>
		<application name="manageProduct" shortDescription="Manage Product"
			longDescription="Application for managing products in online store"
			autoInstall="true" configFile="apps/test-manage-product.xml" />
	</applications>

	<!-- Privileges -->

	<!-- System Parameters -->

</module>